0 info it worked if it ends with ok
1 verbose cli [ '/usr/bin/node', '/usr/bin/npm', 'run', 'server:prod' ]
2 info using npm@3.5.2
3 info using node@v8.10.0
4 verbose run-script [ 'preserver:prod', 'server:prod', 'postserver:prod' ]
5 info lifecycle book-project@1.0.0~preserver:prod: book-project@1.0.0
6 silly lifecycle book-project@1.0.0~preserver:prod: no script for preserver:prod, continuing
7 info lifecycle book-project@1.0.0~server:prod: book-project@1.0.0
8 verbose lifecycle book-project@1.0.0~server:prod: unsafe-perm in lifecycle true
9 verbose lifecycle book-project@1.0.0~server:prod: PATH: /usr/share/npm/bin/node-gyp-bin:/home/chong/桌面/yd-task/profile/Three/book-project/node_modules/.bin:/home/chong/.rvm/gems/ruby-2.6.0/bin:/home/chong/.rvm/gems/ruby-2.6.0@global/bin:/home/chong/.rvm/rubies/ruby-2.6.0/bin:/usr/local/sbin:/usr/local/bin:/usr/sbin:/usr/bin:/sbin:/bin:/usr/games:/usr/local/games:/snap/bin:/home/chong/.rvm/bin:/home/chong/.rvm/bin
10 verbose lifecycle book-project@1.0.0~server:prod: CWD: /home/chong/桌面/yd-task/profile/Three/book-project
11 silly lifecycle book-project@1.0.0~server:prod: Args: [ '-c', 'scripty' ]
12 silly lifecycle book-project@1.0.0~server:prod: Returned: code: 126  signal: null
13 info lifecycle book-project@1.0.0~server:prod: Failed to exec server:prod script
14 verbose stack Error: book-project@1.0.0 server:prod: `scripty`
14 verbose stack Exit status 126
14 verbose stack     at EventEmitter.<anonymous> (/usr/share/npm/lib/utils/lifecycle.js:232:16)
14 verbose stack     at emitTwo (events.js:126:13)
14 verbose stack     at EventEmitter.emit (events.js:214:7)
14 verbose stack     at ChildProcess.<anonymous> (/usr/share/npm/lib/utils/spawn.js:24:14)
14 verbose stack     at emitTwo (events.js:126:13)
14 verbose stack     at ChildProcess.emit (events.js:214:7)
14 verbose stack     at maybeClose (internal/child_process.js:925:16)
14 verbose stack     at Process.ChildProcess._handle.onexit (internal/child_process.js:209:5)
15 verbose pkgid book-project@1.0.0
16 verbose cwd /home/chong/桌面/yd-task/profile/Three/book-project
17 error Linux 4.18.0-15-generic
18 error argv "/usr/bin/node" "/usr/bin/npm" "run" "server:prod"
19 error node v8.10.0
20 error npm  v3.5.2
21 error code ELIFECYCLE
22 error book-project@1.0.0 server:prod: `scripty`
22 error Exit status 126
23 error Failed at the book-project@1.0.0 server:prod script 'scripty'.
23 error Make sure you have the latest version of node.js and npm installed.
23 error If you do, this is most likely a problem with the book-project package,
23 error not with npm itself.
23 error Tell the author that this fails on your system:
23 error     scripty
23 error You can get information on how to open an issue for this project with:
23 error     npm bugs book-project
23 error Or if that isn't available, you can get their info via:
23 error     npm owner ls book-project
23 error There is likely additional logging output above.
24 verbose exit [ 1, true ]
